<?xml version="1.0" encoding="UTF-8"?>
<Site BuildName="Darwin-clang++"
	BuildStamp="20231129-0658-Experimental"
	Name="192.168.0.126"
	Generator="ctest-3.27.6"
	CompilerName="/usr/bin/clang++"
	CompilerVersion="14.0.3.14030022"
	OSName="macOS"
	Hostname="192.168.0.126"
	OSRelease="13.6"
	OSVersion="22G120"
	OSPlatform="x86_64"
	Is64Bits="1"
	VendorString="GenuineIntel"
	VendorID="Intel Corporation"
	FamilyID="6"
	ModelID="158"
	ProcessorCacheSize="32768"
	NumberOfLogicalCPU="16"
	NumberOfPhysicalCPU="8"
	TotalVirtualMemory="2048"
	TotalPhysicalMemory="32768"
	LogicalProcessorsPerPhysical="8"
	ProcessorClockFrequency="2400"
	>
	<Testing>
		<StartDateTime>Nov 29 14:03 +07</StartDateTime>
		<StartTestTime>1701241391</StartTestTime>
		<TestList/>
		<EndDateTime>Nov 29 14:03 +07</EndDateTime>
		<EndTestTime>1701241391</EndTestTime>
		<ElapsedMinutes>0</ElapsedMinutes>
	</Testing>
</Site>
